# JRE version: Java(TM) SE Runtime Environment (17.0.12+8) (build 17.0.12+8-LTS-286)
# Java VM: Java HotSpot(TM) 64-Bit Server VM (17.0.12+8-LTS-286, mixed mode, emulated-client, sharing, tiered, compressed oops, compressed class ptrs, g1 gc, windows-amd64)
GC Precious Log:
 CPUs: 8 total, 8 available
 Memory: 8008M
 Large Page Support: Disabled
 NUMA Support: Disabled
 Compressed Oops: Enabled (32-bit)
 Heap Region Size: 1M
 Heap Min Capacity: 8M
 Heap Initial Capacity: 126M
 Heap Max Capacity: 2004M
 Pre-touch: Disabled
 Parallel Workers: 8
 Concurrent Workers: 2
 Concurrent Refinement Workers: 8
 Periodic GC: Disabled
Heap:
 garbage-first heap   total 89088K, used 31388K [0x0000000082c00000, 0x0000000100000000)
  region size 1024K, 4 young (4096K), 4 survivors (4096K)
 Metaspace       used 59751K, committed 60288K, reserved 1114112K
  class space    used 8647K, committed 8896K, reserved 1048576K
GC Heap History (20 events):
Event: 0.894 GC heap after
{Heap after GC invocations=1 (full 0):
 garbage-first heap   total 129024K, used 8958K [0x0000000082c00000, 0x0000000100000000)
  region size 1024K, 3 young (3072K), 3 survivors (3072K)
 Metaspace       used 4706K, committed 4864K, reserved 1114112K
  class space    used 611K, committed 704K, reserved 1048576K
}
Event: 1.384 GC heap before
{Heap before GC invocations=1 (full 0):
 garbage-first heap   total 129024K, used 36606K [0x0000000082c00000, 0x0000000100000000)
  region size 1024K, 31 young (31744K), 3 survivors (3072K)
 Metaspace       used 10559K, committed 10816K, reserved 1114112K
  class space    used 1569K, committed 1664K, reserved 1048576K
}
Event: 1.390 GC heap after
{Heap after GC invocations=2 (full 0):
 garbage-first heap   total 129024K, used 11503K [0x0000000082c00000, 0x0000000100000000)
  region size 1024K, 3 young (3072K), 3 survivors (3072K)
 Metaspace       used 10559K, committed 10816K, reserved 1114112K
  class space    used 1569K, committed 1664K, reserved 1048576K
}
Event: 2.972 GC heap before
{Heap before GC invocations=2 (full 0):
 garbage-first heap   total 129024K, used 72943K [0x0000000082c00000, 0x0000000100000000)
  region size 1024K, 63 young (64512K), 3 survivors (3072K)
 Metaspace       used 20153K, committed 20416K, reserved 1114112K
  class space    used 2814K, committed 2944K, reserved 1048576K
}
Event: 2.985 GC heap after
{Heap after GC invocations=3 (full 0):
 garbage-first heap   total 129024K, used 17133K [0x0000000082c00000, 0x0000000100000000)
  region size 1024K, 8 young (8192K), 8 survivors (8192K)
 Metaspace       used 20153K, committed 20416K, reserved 1114112K
  class space    used 2814K, committed 2944K, reserved 1048576K
}
Event: 3.776 GC heap before
{Heap before GC invocations=3 (full 0):
 garbage-first heap   total 129024K, used 35565K [0x0000000082c00000, 0x0000000100000000)
  region size 1024K, 27 young (27648K), 8 survivors (8192K)
 Metaspace       used 21237K, committed 21504K, reserved 1114112K
  class space    used 2969K, committed 3136K, reserved 1048576K
}
Event: 3.798 GC heap after
{Heap after GC invocations=4 (full 0):
 garbage-first heap   total 129024K, used 18163K [0x0000000082c00000, 0x0000000100000000)
  region size 1024K, 2 young (2048K), 2 survivors (2048K)
 Metaspace       used 21237K, committed 21504K, reserved 1114112K
  class space    used 2969K, committed 3136K, reserved 1048576K
}
Event: 4.692 GC heap before
{Heap before GC invocations=5 (full 0):
 garbage-first heap   total 65536K, used 55027K [0x0000000082c00000, 0x0000000100000000)
  region size 1024K, 38 young (38912K), 2 survivors (2048K)
 Metaspace       used 25540K, committed 25920K, reserved 1114112K
  class space    used 3591K, committed 3776K, reserved 1048576K
}
Event: 4.702 GC heap after
{Heap after GC invocations=6 (full 0):
 garbage-first heap   total 65536K, used 20135K [0x0000000082c00000, 0x0000000100000000)
  region size 1024K, 4 young (4096K), 4 survivors (4096K)
 Metaspace       used 25540K, committed 25920K, reserved 1114112K
  class space    used 3591K, committed 3776K, reserved 1048576K
}
Event: 4.717 GC heap before
{Heap before GC invocations=6 (full 0):
 garbage-first heap   total 65536K, used 21159K [0x0000000082c00000, 0x0000000100000000)
  region size 1024K, 5 young (5120K), 4 survivors (4096K)
 Metaspace       used 25609K, committed 25984K, reserved 1114112K
  class space    used 3600K, committed 3776K, reserved 1048576K
}
Event: 4.725 GC heap after
{Heap after GC invocations=7 (full 0):
 garbage-first heap   total 65536K, used 20316K [0x0000000082c00000, 0x0000000100000000)
  region size 1024K, 1 young (1024K), 1 survivors (1024K)
 Metaspace       used 25609K, committed 25984K, reserved 1114112K
  class space    used 3600K, committed 3776K, reserved 1048576K
}
Event: 5.107 GC heap before
{Heap before GC invocations=7 (full 0):
 garbage-first heap   total 65536K, used 44892K [0x0000000082c00000, 0x0000000100000000)
  region size 1024K, 26 young (26624K), 1 survivors (1024K)
 Metaspace       used 27951K, committed 28288K, reserved 1114112K
  class space    used 3967K, committed 4096K, reserved 1048576K
}
Event: 5.113 GC heap after
{Heap after GC invocations=8 (full 0):
 garbage-first heap   total 131072K, used 21617K [0x0000000082c00000, 0x0000000100000000)
  region size 1024K, 2 young (2048K), 2 survivors (2048K)
 Metaspace       used 27951K, committed 28288K, reserved 1114112K
  class space    used 3967K, committed 4096K, reserved 1048576K
}
Event: 6.221 GC heap before
{Heap before GC invocations=8 (full 0):
 garbage-first heap   total 131072K, used 74865K [0x0000000082c00000, 0x0000000100000000)
  region size 1024K, 54 young (55296K), 2 survivors (2048K)
 Metaspace       used 35616K, committed 35968K, reserved 1114112K
  class space    used 5069K, committed 5248K, reserved 1048576K
}
Event: 6.231 GC heap after
{Heap after GC invocations=9 (full 0):
 garbage-first heap   total 131072K, used 24412K [0x0000000082c00000, 0x0000000100000000)
  region size 1024K, 5 young (5120K), 5 survivors (5120K)
 Metaspace       used 35616K, committed 35968K, reserved 1114112K
  class space    used 5069K, committed 5248K, reserved 1048576K
}
Event: 7.441 GC heap before
{Heap before GC invocations=10 (full 0):
 garbage-first heap   total 89088K, used 72540K [0x0000000082c00000, 0x0000000100000000)
  region size 1024K, 52 young (53248K), 5 survivors (5120K)
 Metaspace       used 46339K, committed 46720K, reserved 1114112K
  class space    used 6606K, committed 6784K, reserved 1048576K
}
Event: 7.454 GC heap after
{Heap after GC invocations=11 (full 0):
 garbage-first heap   total 89088K, used 28314K [0x0000000082c00000, 0x0000000100000000)
  region size 1024K, 7 young (7168K), 7 survivors (7168K)
 Metaspace       used 46339K, committed 46720K, reserved 1114112K
  class space    used 6606K, committed 6784K, reserved 1048576K
}
Event: 8.177 GC heap before
{Heap before GC invocations=11 (full 0):
 garbage-first heap   total 89088K, used 67226K [0x0000000082c00000, 0x0000000100000000)
  region size 1024K, 45 young (46080K), 7 survivors (7168K)
 Metaspace       used 53252K, committed 53632K, reserved 1114112K
  class space    used 7743K, committed 7936K, reserved 1048576K
}
Event: 8.189 GC heap after
{Heap after GC invocations=12 (full 0):
 garbage-first heap   total 89088K, used 29903K [0x0000000082c00000, 0x0000000100000000)
  region size 1024K, 2 young (2048K), 2 survivors (2048K)
 Metaspace       used 53252K, committed 53632K, reserved 1114112K
  class space    used 7743K, committed 7936K, reserved 1048576K
}
Event: 9.456 GC heap before
{Heap before GC invocations=12 (full 0):
 garbage-first heap   total 89088K, used 62671K [0x0000000082c00000, 0x0000000100000000)
  region size 1024K, 35 young (35840K), 2 survivors (2048K)
 Metaspace       used 59751K, committed 60288K, reserved 1114112K
  class space    used 8647K, committed 8896K, reserved 1048576K
}

