# JRE version: Java(TM) SE Runtime Environment (17.0.12+8) (build 17.0.12+8-LTS-286)
# Java VM: Java HotSpot(TM) 64-Bit Server VM (17.0.12+8-LTS-286, mixed mode, emulated-client, sharing, tiered, compressed oops, compressed class ptrs, g1 gc, windows-amd64)
GC Precious Log:
 CPUs: 8 total, 8 available
 Memory: 8008M
 Large Page Support: Disabled
 NUMA Support: Disabled
 Compressed Oops: Enabled (32-bit)
 Heap Region Size: 1M
 Heap Min Capacity: 8M
 Heap Initial Capacity: 126M
 Heap Max Capacity: 2004M
 Pre-touch: Disabled
 Parallel Workers: 8
 Concurrent Workers: 2
 Concurrent Refinement Workers: 8
 Periodic GC: Disabled
Heap:
 garbage-first heap   total 82944K, used 40906K [0x0000000082c00000, 0x0000000100000000)
  region size 1024K, 3 young (3072K), 3 survivors (3072K)
 Metaspace       used 66092K, committed 66624K, reserved 1114112K
  class space    used 9812K, committed 10048K, reserved 1048576K
GC Heap History (20 events):
Event: 7.190 GC heap after
{Heap after GC invocations=6 (full 0):
 garbage-first heap   total 68608K, used 20537K [0x0000000082c00000, 0x0000000100000000)
  region size 1024K, 4 young (4096K), 4 survivors (4096K)
 Metaspace       used 25647K, committed 26048K, reserved 1114112K
  class space    used 3605K, committed 3776K, reserved 1048576K
}
Event: 7.878 GC heap before
{Heap before GC invocations=6 (full 0):
 garbage-first heap   total 68608K, used 48185K [0x0000000082c00000, 0x0000000100000000)
  region size 1024K, 32 young (32768K), 4 survivors (4096K)
 Metaspace       used 28018K, committed 28416K, reserved 1114112K
  class space    used 3975K, committed 4160K, reserved 1048576K
}
Event: 7.896 GC heap after
{Heap after GC invocations=7 (full 0):
 garbage-first heap   total 68608K, used 22236K [0x0000000082c00000, 0x0000000100000000)
  region size 1024K, 2 young (2048K), 2 survivors (2048K)
 Metaspace       used 28018K, committed 28416K, reserved 1114112K
  class space    used 3975K, committed 4160K, reserved 1048576K
}
Event: 8.684 GC heap before
{Heap before GC invocations=7 (full 0):
 garbage-first heap   total 68608K, used 49884K [0x0000000082c00000, 0x0000000100000000)
  region size 1024K, 29 young (29696K), 2 survivors (2048K)
 Metaspace       used 31416K, committed 31808K, reserved 1114112K
  class space    used 4443K, committed 4608K, reserved 1048576K
}
Event: 8.698 GC heap after
{Heap after GC invocations=8 (full 0):
 garbage-first heap   total 68608K, used 23690K [0x0000000082c00000, 0x0000000100000000)
  region size 1024K, 4 young (4096K), 4 survivors (4096K)
 Metaspace       used 31416K, committed 31808K, reserved 1114112K
  class space    used 4443K, committed 4608K, reserved 1048576K
}
Event: 9.526 GC heap before
{Heap before GC invocations=8 (full 0):
 garbage-first heap   total 68608K, used 43146K [0x0000000082c00000, 0x0000000100000000)
  region size 1024K, 25 young (25600K), 4 survivors (4096K)
 Metaspace       used 35607K, committed 35968K, reserved 1114112K
  class space    used 5064K, committed 5248K, reserved 1048576K
}
Event: 9.541 GC heap after
{Heap after GC invocations=9 (full 0):
 garbage-first heap   total 82944K, used 24547K [0x0000000082c00000, 0x0000000100000000)
  region size 1024K, 3 young (3072K), 3 survivors (3072K)
 Metaspace       used 35607K, committed 35968K, reserved 1114112K
  class space    used 5064K, committed 5248K, reserved 1048576K
}
Event: 11.127 GC heap before
{Heap before GC invocations=10 (full 0):
 garbage-first heap   total 82944K, used 62435K [0x0000000082c00000, 0x0000000100000000)
  region size 1024K, 40 young (40960K), 3 survivors (3072K)
 Metaspace       used 44460K, committed 44864K, reserved 1114112K
  class space    used 6355K, committed 6528K, reserved 1048576K
}
Event: 11.146 GC heap after
{Heap after GC invocations=11 (full 0):
 garbage-first heap   total 82944K, used 28046K [0x0000000082c00000, 0x0000000100000000)
  region size 1024K, 5 young (5120K), 5 survivors (5120K)
 Metaspace       used 44460K, committed 44864K, reserved 1114112K
  class space    used 6355K, committed 6528K, reserved 1048576K
}
Event: 12.514 GC heap before
{Heap before GC invocations=11 (full 0):
 garbage-first heap   total 82944K, used 62862K [0x0000000082c00000, 0x0000000100000000)
  region size 1024K, 39 young (39936K), 5 survivors (5120K)
 Metaspace       used 52704K, committed 53120K, reserved 1114112K
  class space    used 7655K, committed 7872K, reserved 1048576K
}
Event: 12.528 GC heap after
{Heap after GC invocations=12 (full 0):
 garbage-first heap   total 82944K, used 29840K [0x0000000082c00000, 0x0000000100000000)
  region size 1024K, 2 young (2048K), 2 survivors (2048K)
 Metaspace       used 52704K, committed 53120K, reserved 1114112K
  class space    used 7655K, committed 7872K, reserved 1048576K
}
Event: 14.486 GC heap before
{Heap before GC invocations=12 (full 0):
 garbage-first heap   total 82944K, used 63632K [0x0000000082c00000, 0x0000000100000000)
  region size 1024K, 35 young (35840K), 2 survivors (2048K)
 Metaspace       used 57273K, committed 57728K, reserved 1114112K
  class space    used 8326K, committed 8512K, reserved 1048576K
}
Event: 14.503 GC heap after
{Heap after GC invocations=13 (full 0):
 garbage-first heap   total 82944K, used 30906K [0x0000000082c00000, 0x0000000100000000)
  region size 1024K, 3 young (3072K), 3 survivors (3072K)
 Metaspace       used 57273K, committed 57728K, reserved 1114112K
  class space    used 8326K, committed 8512K, reserved 1048576K
}
Event: 15.264 GC heap before
{Heap before GC invocations=13 (full 0):
 garbage-first heap   total 82944K, used 45242K [0x0000000082c00000, 0x0000000100000000)
  region size 1024K, 18 young (18432K), 3 survivors (3072K)
 Metaspace       used 59876K, committed 60416K, reserved 1114112K
  class space    used 8663K, committed 8896K, reserved 1048576K
}
Event: 15.291 GC heap after
{Heap after GC invocations=14 (full 0):
 garbage-first heap   total 82944K, used 32070K [0x0000000082c00000, 0x0000000100000000)
  region size 1024K, 3 young (3072K), 3 survivors (3072K)
 Metaspace       used 59876K, committed 60416K, reserved 1114112K
  class space    used 8663K, committed 8896K, reserved 1048576K
}
Event: 16.209 GC heap before
{Heap before GC invocations=15 (full 0):
 garbage-first heap   total 82944K, used 64838K [0x0000000082c00000, 0x0000000100000000)
  region size 1024K, 35 young (35840K), 3 survivors (3072K)
 Metaspace       used 62883K, committed 63424K, reserved 1114112K
  class space    used 9258K, committed 9536K, reserved 1048576K
}
Event: 16.218 GC heap after
{Heap after GC invocations=16 (full 0):
 garbage-first heap   total 82944K, used 34645K [0x0000000082c00000, 0x0000000100000000)
  region size 1024K, 5 young (5120K), 5 survivors (5120K)
 Metaspace       used 62883K, committed 63424K, reserved 1114112K
  class space    used 9258K, committed 9536K, reserved 1048576K
}
Event: 16.545 GC heap before
{Heap before GC invocations=16 (full 0):
 garbage-first heap   total 82944K, used 65365K [0x0000000082c00000, 0x0000000100000000)
  region size 1024K, 35 young (35840K), 5 survivors (5120K)
 Metaspace       used 64483K, committed 65024K, reserved 1114112K
  class space    used 9610K, committed 9856K, reserved 1048576K
}
Event: 16.554 GC heap after
{Heap after GC invocations=17 (full 0):
 garbage-first heap   total 82944K, used 38241K [0x0000000082c00000, 0x0000000100000000)
  region size 1024K, 5 young (5120K), 5 survivors (5120K)
 Metaspace       used 64483K, committed 65024K, reserved 1114112K
  class space    used 9610K, committed 9856K, reserved 1048576K
}
Event: 17.151 GC heap before
{Heap before GC invocations=17 (full 0):
 garbage-first heap   total 82944K, used 62817K [0x0000000082c00000, 0x0000000100000000)
  region size 1024K, 30 young (30720K), 5 survivors (5120K)
 Metaspace       used 66092K, committed 66624K, reserved 1114112K
  class space    used 9812K, committed 10048K, reserved 1048576K
}

