# JRE version: Java(TM) SE Runtime Environment (17.0.12+8) (build 17.0.12+8-LTS-286)
# Java VM: Java HotSpot(TM) 64-Bit Server VM (17.0.12+8-LTS-286, mixed mode, sharing, tiered, compressed oops, compressed class ptrs, g1 gc, windows-amd64)
GC Precious Log:
 CPUs: 8 total, 8 available
 Memory: 8008M
 Large Page Support: Disabled
 NUMA Support: Disabled
 Compressed Oops: Enabled (32-bit)
 Heap Region Size: 1M
 Heap Min Capacity: 8M
 Heap Initial Capacity: 126M
 Heap Max Capacity: 2004M
 Pre-touch: Disabled
 Parallel Workers: 8
 Concurrent Workers: 2
 Concurrent Refinement Workers: 8
 Periodic GC: Disabled
Heap:
 garbage-first heap   total 235520K, used 80937K [0x0000000082c00000, 0x0000000100000000)
  region size 1024K, 33 young (33792K), 11 survivors (11264K)
 Metaspace       used 31846K, committed 32192K, reserved 1114112K
  class space    used 3563K, committed 3712K, reserved 1048576K
GC Heap History (20 events):
Event: 17.032 GC heap before
{Heap before GC invocations=2 (full 0):
 garbage-first heap   total 129024K, used 79945K [0x0000000082c00000, 0x0000000100000000)
  region size 1024K, 75 young (76800K), 2 survivors (2048K)
 Metaspace       used 15528K, committed 15744K, reserved 1114112K
  class space    used 1848K, committed 1920K, reserved 1048576K
}
Event: 17.055 GC heap after
{Heap after GC invocations=3 (full 0):
 garbage-first heap   total 129024K, used 12861K [0x0000000082c00000, 0x0000000100000000)
  region size 1024K, 9 young (9216K), 9 survivors (9216K)
 Metaspace       used 15528K, committed 15744K, reserved 1114112K
  class space    used 1848K, committed 1920K, reserved 1048576K
}
Event: 25.750 GC heap before
{Heap before GC invocations=3 (full 0):
 garbage-first heap   total 129024K, used 80445K [0x0000000082c00000, 0x0000000100000000)
  region size 1024K, 75 young (76800K), 9 survivors (9216K)
 Metaspace       used 16265K, committed 16448K, reserved 1114112K
  class space    used 1869K, committed 1920K, reserved 1048576K
}
Event: 25.775 GC heap after
{Heap after GC invocations=4 (full 0):
 garbage-first heap   total 129024K, used 16095K [0x0000000082c00000, 0x0000000100000000)
  region size 1024K, 4 young (4096K), 4 survivors (4096K)
 Metaspace       used 16265K, committed 16448K, reserved 1114112K
  class space    used 1869K, committed 1920K, reserved 1048576K
}
Event: 30.688 GC heap before
{Heap before GC invocations=4 (full 0):
 garbage-first heap   total 129024K, used 93919K [0x0000000082c00000, 0x0000000100000000)
  region size 1024K, 44 young (45056K), 4 survivors (4096K)
 Metaspace       used 21253K, committed 21504K, reserved 1114112K
  class space    used 2494K, committed 2624K, reserved 1048576K
}
Event: 30.705 GC heap after
{Heap after GC invocations=5 (full 0):
 garbage-first heap   total 129024K, used 24347K [0x0000000082c00000, 0x0000000100000000)
  region size 1024K, 8 young (8192K), 8 survivors (8192K)
 Metaspace       used 21253K, committed 21504K, reserved 1114112K
  class space    used 2494K, committed 2624K, reserved 1048576K
}
Event: 34.660 GC heap before
{Heap before GC invocations=6 (full 0):
 garbage-first heap   total 86016K, used 68379K [0x0000000082c00000, 0x0000000100000000)
  region size 1024K, 50 young (51200K), 8 survivors (8192K)
 Metaspace       used 25661K, committed 26048K, reserved 1114112K
  class space    used 2970K, committed 3136K, reserved 1048576K
}
Event: 34.711 GC heap after
{Heap after GC invocations=7 (full 0):
 garbage-first heap   total 93184K, used 39653K [0x0000000082c00000, 0x0000000100000000)
  region size 1024K, 7 young (7168K), 7 survivors (7168K)
 Metaspace       used 25661K, committed 26048K, reserved 1114112K
  class space    used 2970K, committed 3136K, reserved 1048576K
}
Event: 34.717 GC heap before
{Heap before GC invocations=7 (full 0):
 garbage-first heap   total 93184K, used 40677K [0x0000000082c00000, 0x0000000100000000)
  region size 1024K, 8 young (8192K), 7 survivors (7168K)
 Metaspace       used 25661K, committed 26048K, reserved 1114112K
  class space    used 2970K, committed 3136K, reserved 1048576K
}
Event: 34.736 GC heap after
{Heap after GC invocations=8 (full 0):
 garbage-first heap   total 93184K, used 40960K [0x0000000082c00000, 0x0000000100000000)
  region size 1024K, 1 young (1024K), 1 survivors (1024K)
 Metaspace       used 25661K, committed 26048K, reserved 1114112K
  class space    used 2970K, committed 3136K, reserved 1048576K
}
Event: 35.933 GC heap before
{Heap before GC invocations=8 (full 0):
 garbage-first heap   total 93184K, used 65536K [0x0000000082c00000, 0x0000000100000000)
  region size 1024K, 25 young (25600K), 1 survivors (1024K)
 Metaspace       used 26396K, committed 26752K, reserved 1114112K
  class space    used 3041K, committed 3200K, reserved 1048576K
}
Event: 35.955 GC heap after
{Heap after GC invocations=9 (full 0):
 garbage-first heap   total 93184K, used 45056K [0x0000000082c00000, 0x0000000100000000)
  region size 1024K, 4 young (4096K), 4 survivors (4096K)
 Metaspace       used 26396K, committed 26752K, reserved 1114112K
  class space    used 3041K, committed 3200K, reserved 1048576K
}
Event: 39.415 GC heap before
{Heap before GC invocations=9 (full 0):
 garbage-first heap   total 93184K, used 67584K [0x0000000082c00000, 0x0000000100000000)
  region size 1024K, 26 young (26624K), 4 survivors (4096K)
 Metaspace       used 26601K, committed 26944K, reserved 1114112K
  class space    used 3045K, committed 3200K, reserved 1048576K
}
Event: 39.444 GC heap after
{Heap after GC invocations=10 (full 0):
 garbage-first heap   total 235520K, used 49702K [0x0000000082c00000, 0x0000000100000000)
  region size 1024K, 4 young (4096K), 4 survivors (4096K)
 Metaspace       used 26601K, committed 26944K, reserved 1114112K
  class space    used 3045K, committed 3200K, reserved 1048576K
}
Event: 54.566 GC heap before
{Heap before GC invocations=10 (full 0):
 garbage-first heap   total 235520K, used 150054K [0x0000000082c00000, 0x0000000100000000)
  region size 1024K, 103 young (105472K), 4 survivors (4096K)
 Metaspace       used 29520K, committed 29824K, reserved 1114112K
  class space    used 3337K, committed 3456K, reserved 1048576K
}
Event: 54.583 GC heap after
{Heap after GC invocations=11 (full 0):
 garbage-first heap   total 235520K, used 54724K [0x0000000082c00000, 0x0000000100000000)
  region size 1024K, 9 young (9216K), 9 survivors (9216K)
 Metaspace       used 29520K, committed 29824K, reserved 1114112K
  class space    used 3337K, committed 3456K, reserved 1048576K
}
Event: 58.835 GC heap before
{Heap before GC invocations=11 (full 0):
 garbage-first heap   total 235520K, used 161220K [0x0000000082c00000, 0x0000000100000000)
  region size 1024K, 113 young (115712K), 9 survivors (9216K)
 Metaspace       used 29720K, committed 30080K, reserved 1114112K
  class space    used 3341K, committed 3520K, reserved 1048576K
}
Event: 58.854 GC heap after
{Heap after GC invocations=12 (full 0):
 garbage-first heap   total 235520K, used 57098K [0x0000000082c00000, 0x0000000100000000)
  region size 1024K, 8 young (8192K), 8 survivors (8192K)
 Metaspace       used 29720K, committed 30080K, reserved 1114112K
  class space    used 3341K, committed 3520K, reserved 1048576K
}
Event: 60.695 GC heap before
{Heap before GC invocations=12 (full 0):
 garbage-first heap   total 235520K, used 171786K [0x0000000082c00000, 0x0000000100000000)
  region size 1024K, 120 young (122880K), 8 survivors (8192K)
 Metaspace       used 31249K, committed 31616K, reserved 1114112K
  class space    used 3536K, committed 3712K, reserved 1048576K
}
Event: 60.716 GC heap after
{Heap after GC invocations=13 (full 0):
 garbage-first heap   total 235520K, used 59433K [0x0000000082c00000, 0x0000000100000000)
  region size 1024K, 11 young (11264K), 11 survivors (11264K)
 Metaspace       used 31249K, committed 31616K, reserved 1114112K
  class space    used 3536K, committed 3712K, reserved 1048576K
}

